[18-Jun-2019 22:12:34 Asia/Shanghai] PHP Fatal error:  Uncaught think\exception\ErrorException: include(E:\www\pigaiwang\pigaiwang\application\common/view/default_index.tpl): failed to open stream: No such file or directory in E:\www\pigaiwang\pigaiwang\thinkphp\library\think\exception\Handle.php:185
Stack trace:
#0 E:\www\pigaiwang\pigaiwang\thinkphp\library\think\exception\Handle.php(185): think\Error::appError(2, 'include(E:\\www\\...', 'E:\\www\\pigaiwan...', 185, Array)
#1 E:\www\pigaiwang\pigaiwang\thinkphp\library\think\exception\Handle.php(185): include()
#2 E:\www\pigaiwang\pigaiwang\application\common\exception\Http.php(39): think\exception\Handle->convertExceptionToResponse(Object(think\exception\ErrorException))
#3 E:\www\pigaiwang\pigaiwang\thinkphp\library\think\Error.php(56): app\common\exception\Http->render(Object(think\exception\ErrorException))
#4 [internal function]: think\Error::appException(Object(think\exception\ErrorException))
#5 {main}
  thrown in E:\www\pigaiwang\pigaiwang\thinkphp\library\think\exception\Handle.php on line 185
[18-Jun-2019 22:12:41 Asia/Shanghai] PHP Fatal error:  Uncaught think\exception\ErrorException: include(E:\www\pigaiwang\pigaiwang\application\common/view/default_index.tpl): failed to open stream: No such file or directory in E:\www\pigaiwang\pigaiwang\thinkphp\library\think\exception\Handle.php:185
Stack trace:
#0 E:\www\pigaiwang\pigaiwang\thinkphp\library\think\exception\Handle.php(185): think\Error::appError(2, 'include(E:\\www\\...', 'E:\\www\\pigaiwan...', 185, Array)
#1 E:\www\pigaiwang\pigaiwang\thinkphp\library\think\exception\Handle.php(185): include()
#2 E:\www\pigaiwang\pigaiwang\application\common\exception\Http.php(39): think\exception\Handle->convertExceptionToResponse(Object(think\exception\ErrorException))
#3 E:\www\pigaiwang\pigaiwang\thinkphp\library\think\Error.php(56): app\common\exception\Http->render(Object(think\exception\ErrorException))
#4 [internal function]: think\Error::appException(Object(think\exception\ErrorException))
#5 {main}
  thrown in E:\www\pigaiwang\pigaiwang\thinkphp\library\think\exception\Handle.php on line 185
[18-Jun-2019 14:44:22 UTC] PHP Fatal error:  Uncaught Error: Call to undefined function p() in E:\www\pigaiwang\public\install.php:23
Stack trace:
#0 {main}
  thrown in E:\www\pigaiwang\public\install.php on line 23
[18-Jun-2019 14:59:17 UTC] PHP Warning:  Invalid argument supplied for foreach() in E:\www\pigaiwang\public\install.php on line 34
[18-Jun-2019 15:01:33 UTC] PHP Warning:  mysqli::__construct(): (HY000/1049): Unknown database 'haoyi' in E:\www\pigaiwang\public\install.php on line 24
[18-Jun-2019 15:13:08 UTC] PHP Fatal error:  Uncaught Error: Function name must be a string in E:\www\pigaiwang\public\install.php:23
Stack trace:
#0 {main}
  thrown in E:\www\pigaiwang\public\install.php on line 23
[18-Jun-2019 15:13:40 UTC] PHP Fatal error:  Uncaught Error: Function name must be a string in E:\www\pigaiwang\public\install.php:24
Stack trace:
#0 {main}
  thrown in E:\www\pigaiwang\public\install.php on line 24
[18-Jun-2019 15:13:57 UTC] PHP Fatal error:  Uncaught Error: Function name must be a string in E:\www\pigaiwang\public\install.php:24
Stack trace:
#0 {main}
  thrown in E:\www\pigaiwang\public\install.php on line 24
[18-Jun-2019 15:14:02 UTC] PHP Notice:  Undefined variable: __GET in E:\www\pigaiwang\public\install.php on line 24
[18-Jun-2019 15:14:02 UTC] PHP Fatal error:  Uncaught Error: Function name must be a string in E:\www\pigaiwang\public\install.php:24
Stack trace:
#0 {main}
  thrown in E:\www\pigaiwang\public\install.php on line 24
[18-Jun-2019 15:14:08 UTC] PHP Fatal error:  Uncaught Error: Function name must be a string in E:\www\pigaiwang\public\install.php:24
Stack trace:
#0 {main}
  thrown in E:\www\pigaiwang\public\install.php on line 24
[18-Jun-2019 15:14:21 UTC] PHP Fatal error:  Uncaught Error: Function name must be a string in E:\www\pigaiwang\public\install.php:24
Stack trace:
#0 {main}
  thrown in E:\www\pigaiwang\public\install.php on line 24
[18-Jun-2019 23:28:01 Asia/Shanghai] PHP Fatal error:  Uncaught think\exception\ErrorException: include(E:\www\pigaiwang\application\common/view/default_index.tpl): failed to open stream: No such file or directory in E:\www\pigaiwang\thinkphp\library\think\exception\Handle.php:185
Stack trace:
#0 E:\www\pigaiwang\thinkphp\library\think\exception\Handle.php(185): think\Error::appError(2, 'include(E:\\www\\...', 'E:\\www\\pigaiwan...', 185, Array)
#1 E:\www\pigaiwang\thinkphp\library\think\exception\Handle.php(185): include()
#2 E:\www\pigaiwang\application\common\exception\Http.php(39): think\exception\Handle->convertExceptionToResponse(Object(think\exception\ErrorException))
#3 E:\www\pigaiwang\thinkphp\library\think\Error.php(56): app\common\exception\Http->render(Object(think\exception\ErrorException))
#4 [internal function]: think\Error::appException(Object(think\exception\ErrorException))
#5 {main}
  thrown in E:\www\pigaiwang\thinkphp\library\think\exception\Handle.php on line 185
[18-Jun-2019 23:32:47 Asia/Shanghai] PHP Fatal error:  Uncaught think\exception\ErrorException: include(E:\www\pigaiwang\application\common/view/default_index.tpl): failed to open stream: No such file or directory in E:\www\pigaiwang\thinkphp\library\think\exception\Handle.php:185
Stack trace:
#0 E:\www\pigaiwang\thinkphp\library\think\exception\Handle.php(185): think\Error::appError(2, 'include(E:\\www\\...', 'E:\\www\\pigaiwan...', 185, Array)
#1 E:\www\pigaiwang\thinkphp\library\think\exception\Handle.php(185): include()
#2 E:\www\pigaiwang\application\common\exception\Http.php(39): think\exception\Handle->convertExceptionToResponse(Object(think\exception\ErrorException))
#3 E:\www\pigaiwang\thinkphp\library\think\Error.php(56): app\common\exception\Http->render(Object(think\exception\ErrorException))
#4 [internal function]: think\Error::appException(Object(think\exception\ErrorException))
#5 {main}
  thrown in E:\www\pigaiwang\thinkphp\library\think\exception\Handle.php on line 185
[18-Jun-2019 23:42:17 Asia/Shanghai] PHP Fatal error:  Uncaught think\exception\ErrorException: include(E:\www\pigaiwang\application\common/view/default_index.tpl): failed to open stream: No such file or directory in E:\www\pigaiwang\thinkphp\library\think\exception\Handle.php:185
Stack trace:
#0 E:\www\pigaiwang\thinkphp\library\think\exception\Handle.php(185): think\Error::appError(2, 'include(E:\\www\\...', 'E:\\www\\pigaiwan...', 185, Array)
#1 E:\www\pigaiwang\thinkphp\library\think\exception\Handle.php(185): include()
#2 E:\www\pigaiwang\application\common\exception\Http.php(39): think\exception\Handle->convertExceptionToResponse(Object(think\exception\ErrorException))
#3 E:\www\pigaiwang\thinkphp\library\think\Error.php(56): app\common\exception\Http->render(Object(think\exception\ErrorException))
#4 [internal function]: think\Error::appException(Object(think\exception\ErrorException))
#5 {main}
  thrown in E:\www\pigaiwang\thinkphp\library\think\exception\Handle.php on line 185
[18-Jun-2019 23:44:08 Asia/Shanghai] PHP Fatal error:  Uncaught think\exception\ErrorException: include(E:\www\pigaiwang\application\common/view/default_index.tpl): failed to open stream: No such file or directory in E:\www\pigaiwang\thinkphp\library\think\exception\Handle.php:185
Stack trace:
#0 E:\www\pigaiwang\thinkphp\library\think\exception\Handle.php(185): think\Error::appError(2, 'include(E:\\www\\...', 'E:\\www\\pigaiwan...', 185, Array)
#1 E:\www\pigaiwang\thinkphp\library\think\exception\Handle.php(185): include()
#2 E:\www\pigaiwang\application\common\exception\Http.php(39): think\exception\Handle->convertExceptionToResponse(Object(think\exception\ErrorException))
#3 E:\www\pigaiwang\thinkphp\library\think\Error.php(56): app\common\exception\Http->render(Object(think\exception\ErrorException))
#4 [internal function]: think\Error::appException(Object(think\exception\ErrorException))
#5 {main}
  thrown in E:\www\pigaiwang\thinkphp\library\think\exception\Handle.php on line 185
[18-Jun-2019 23:45:05 Asia/Shanghai] PHP Fatal error:  Uncaught think\exception\ErrorException: include(E:\www\pigaiwang\application\common/view/default_index.tpl): failed to open stream: No such file or directory in E:\www\pigaiwang\thinkphp\library\think\exception\Handle.php:185
Stack trace:
#0 E:\www\pigaiwang\thinkphp\library\think\exception\Handle.php(185): think\Error::appError(2, 'include(E:\\www\\...', 'E:\\www\\pigaiwan...', 185, Array)
#1 E:\www\pigaiwang\thinkphp\library\think\exception\Handle.php(185): include()
#2 E:\www\pigaiwang\application\common\exception\Http.php(39): think\exception\Handle->convertExceptionToResponse(Object(think\exception\ErrorException))
#3 E:\www\pigaiwang\thinkphp\library\think\Error.php(56): app\common\exception\Http->render(Object(think\exception\ErrorException))
#4 [internal function]: think\Error::appException(Object(think\exception\ErrorException))
#5 {main}
  thrown in E:\www\pigaiwang\thinkphp\library\think\exception\Handle.php on line 185
[18-Jun-2019 23:45:48 Asia/Shanghai] PHP Fatal error:  Uncaught think\exception\ErrorException: include(E:\www\pigaiwang\application\common/view/default_index.tpl): failed to open stream: No such file or directory in E:\www\pigaiwang\thinkphp\library\think\exception\Handle.php:185
Stack trace:
#0 E:\www\pigaiwang\thinkphp\library\think\exception\Handle.php(185): think\Error::appError(2, 'include(E:\\www\\...', 'E:\\www\\pigaiwan...', 185, Array)
#1 E:\www\pigaiwang\thinkphp\library\think\exception\Handle.php(185): include()
#2 E:\www\pigaiwang\application\common\exception\Http.php(39): think\exception\Handle->convertExceptionToResponse(Object(think\exception\ErrorException))
#3 E:\www\pigaiwang\thinkphp\library\think\Error.php(56): app\common\exception\Http->render(Object(think\exception\ErrorException))
#4 [internal function]: think\Error::appException(Object(think\exception\ErrorException))
#5 {main}
  thrown in E:\www\pigaiwang\thinkphp\library\think\exception\Handle.php on line 185
[18-Jun-2019 23:53:04 Asia/Shanghai] PHP Fatal error:  Uncaught think\exception\ErrorException: include(E:\www\pigaiwang\application\common/view/default_index.tpl): failed to open stream: No such file or directory in E:\www\pigaiwang\thinkphp\library\think\exception\Handle.php:185
Stack trace:
#0 E:\www\pigaiwang\thinkphp\library\think\exception\Handle.php(185): think\Error::appError(2, 'include(E:\\www\\...', 'E:\\www\\pigaiwan...', 185, Array)
#1 E:\www\pigaiwang\thinkphp\library\think\exception\Handle.php(185): include()
#2 E:\www\pigaiwang\application\common\exception\Http.php(39): think\exception\Handle->convertExceptionToResponse(Object(think\exception\ErrorException))
#3 E:\www\pigaiwang\thinkphp\library\think\Error.php(56): app\common\exception\Http->render(Object(think\exception\ErrorException))
#4 [internal function]: think\Error::appException(Object(think\exception\ErrorException))
#5 {main}
  thrown in E:\www\pigaiwang\thinkphp\library\think\exception\Handle.php on line 185
